<?xml version="1.0" encoding="UTF-8"?>
<!-- Generated by org.testng.reporters.JUnitReportReporter -->
<testsuite hostname="DESKTOP-M5ER4EA" failures="0" tests="2" name="org.example.TestRunner.runners" time="8.114" errors="0" timestamp="2022-08-05T15:40:18 EET" skipped="0">
  <testcase classname="org.example.TestRunner.runners" name="runScenario" time="0.008"/>
  <system-out/>
  <testcase classname="org.example.TestRunner.runners" name="runScenario" time="8.106"/>
  <system-out/>
</testsuite> <!-- org.example.TestRunner.runners -->
